\BOOKMARK [1][-]{section.1}{Vector Spaces}{}% 1
\BOOKMARK [2][-]{subsection.1.1}{Vector Space Axioms}{section.1}% 2
\BOOKMARK [2][-]{subsection.1.2}{Linear Independence, Spanning Sets and Bases}{section.1}% 3
\BOOKMARK [1][-]{section.2}{Linear Maps}{}% 4
\BOOKMARK [2][-]{subsection.2.1}{Definitions}{section.2}% 5
\BOOKMARK [2][-]{subsection.2.2}{Quotient Spaces}{section.2}% 6
\BOOKMARK [2][-]{subsection.2.3}{Matrices}{section.2}% 7
\BOOKMARK [2][-]{subsection.2.4}{Operators}{section.2}% 8
\BOOKMARK [1][-]{section.3}{Eigenvalues and Eigenvectors}{}% 9
\BOOKMARK [2][-]{subsection.3.1}{Invariant Subspaces}{section.3}% 10
\BOOKMARK [2][-]{subsection.3.2}{Upper Triangular Matrices}{section.3}% 11
\BOOKMARK [1][-]{section.4}{Inner Product Spaces}{}% 12
\BOOKMARK [2][-]{subsection.4.1}{Inner Products}{section.4}% 13
\BOOKMARK [2][-]{subsection.4.2}{Orthonormal Bases}{section.4}% 14
\BOOKMARK [2][-]{subsection.4.3}{Orthogonal Complements}{section.4}% 15
\BOOKMARK [1][-]{section.5}{Operators on Inner Product Spaces}{}% 16
\BOOKMARK [2][-]{subsection.5.1}{Self-Adjoint and Normal Operators}{section.5}% 17
\BOOKMARK [2][-]{subsection.5.2}{The Spectral Theorem}{section.5}% 18
\BOOKMARK [2][-]{subsection.5.3}{Positive Operators and Isometries}{section.5}% 19
\BOOKMARK [2][-]{subsection.5.4}{Polar Decomposition and Singular Value Decomposition}{section.5}% 20
\BOOKMARK [1][-]{section.6}{Operators on Complex Vector Spaces}{}% 21
\BOOKMARK [2][-]{subsection.6.1}{Generalised Eigenvectors}{section.6}% 22
\BOOKMARK [2][-]{subsection.6.2}{Decomposition of an Operator}{section.6}% 23
